# JRE version: Java(TM) SE Runtime Environment (8.0_201-b09) (build 1.8.0_201-b09)
# Java VM: Java HotSpot(TM) 64-Bit Server VM (25.201-b09 mixed mode windows-amd64 compressed oops)
Heap:
 PSYoungGen      total 126976K, used 15981K [0x00000000d5580000, 0x00000000dde00000, 0x0000000100000000)
  eden space 117248K, 13% used [0x00000000d5580000,0x00000000d651b548,0x00000000dc800000)
  from space 9728K, 0% used [0x00000000dd480000,0x00000000dd480000,0x00000000dde00000)
  to   space 10752K, 0% used [0x00000000dc900000,0x00000000dc900000,0x00000000dd380000)
 ParOldGen       total 69120K, used 13717K [0x0000000080000000, 0x0000000084380000, 0x00000000d5580000)
  object space 69120K, 19% used [0x0000000080000000,0x0000000080d656c8,0x0000000084380000)
 Metaspace       used 35368K, capacity 37592K, committed 37888K, reserved 1081344K
  class space    used 4854K, capacity 5261K, committed 5376K, reserved 1048576K
GC Heap History (10 events):
Event: 5.310 GC heap before
{Heap before GC invocations=4 (full 0):
 PSYoungGen      total 38400K, used 14711K [0x00000000d5580000, 0x00000000da080000, 0x0000000100000000)
  eden space 33280K, 28% used [0x00000000d5580000,0x00000000d5ee0ab0,0x00000000d7600000)
  from space 5120K, 99% used [0x00000000d7600000,0x00000000d7afd2b0,0x00000000d7b00000)
  to   space 5120K, 0% used [0x00000000d9b80000,0x00000000d9b80000,0x00000000da080000)
 ParOldGen       total 87552K, used 5612K [0x0000000080000000, 0x0000000085580000, 0x00000000d5580000)
  object space 87552K, 6% used [0x0000000080000000,0x000000008057b090,0x0000000085580000)
 Metaspace       used 20374K, capacity 21180K, committed 21296K, reserved 1067008K
  class space    used 2665K, capacity 2873K, committed 2944K, reserved 1048576K
Event: 5.370 GC heap after
Heap after GC invocations=4 (full 0):
 PSYoungGen      total 71680K, used 5088K [0x00000000d5580000, 0x00000000da080000, 0x0000000100000000)
  eden space 66560K, 0% used [0x00000000d5580000,0x00000000d5580000,0x00000000d9680000)
  from space 5120K, 99% used [0x00000000d9b80000,0x00000000da078020,0x00000000da080000)
  to   space 5120K, 0% used [0x00000000d9680000,0x00000000d9680000,0x00000000d9b80000)
 ParOldGen       total 87552K, used 7216K [0x0000000080000000, 0x0000000085580000, 0x00000000d5580000)
  object space 87552K, 8% used [0x0000000080000000,0x000000008070c078,0x0000000085580000)
 Metaspace       used 20374K, capacity 21180K, committed 21296K, reserved 1067008K
  class space    used 2665K, capacity 2873K, committed 2944K, reserved 1048576K
}
Event: 5.370 GC heap before
{Heap before GC invocations=5 (full 1):
 PSYoungGen      total 71680K, used 5088K [0x00000000d5580000, 0x00000000da080000, 0x0000000100000000)
  eden space 66560K, 0% used [0x00000000d5580000,0x00000000d5580000,0x00000000d9680000)
  from space 5120K, 99% used [0x00000000d9b80000,0x00000000da078020,0x00000000da080000)
  to   space 5120K, 0% used [0x00000000d9680000,0x00000000d9680000,0x00000000d9b80000)
 ParOldGen       total 87552K, used 7216K [0x0000000080000000, 0x0000000085580000, 0x00000000d5580000)
  object space 87552K, 8% used [0x0000000080000000,0x000000008070c078,0x0000000085580000)
 Metaspace       used 20374K, capacity 21180K, committed 21296K, reserved 1067008K
  class space    used 2665K, capacity 2873K, committed 2944K, reserved 1048576K
Event: 5.459 GC heap after
Heap after GC invocations=5 (full 1):
 PSYoungGen      total 71680K, used 0K [0x00000000d5580000, 0x00000000da080000, 0x0000000100000000)
  eden space 66560K, 0% used [0x00000000d5580000,0x00000000d5580000,0x00000000d9680000)
  from space 5120K, 0% used [0x00000000d9b80000,0x00000000d9b80000,0x00000000da080000)
  to   space 5120K, 0% used [0x00000000d9680000,0x00000000d9680000,0x00000000d9b80000)
 ParOldGen       total 49152K, used 6865K [0x0000000080000000, 0x0000000083000000, 0x00000000d5580000)
  object space 49152K, 13% used [0x0000000080000000,0x00000000806b4448,0x0000000083000000)
 Metaspace       used 20374K, capacity 21180K, committed 21296K, reserved 1067008K
  class space    used 2665K, capacity 2873K, committed 2944K, reserved 1048576K
}
Event: 8.401 GC heap before
{Heap before GC invocations=6 (full 1):
 PSYoungGen      total 71680K, used 66560K [0x00000000d5580000, 0x00000000da080000, 0x0000000100000000)
  eden space 66560K, 100% used [0x00000000d5580000,0x00000000d9680000,0x00000000d9680000)
  from space 5120K, 0% used [0x00000000d9b80000,0x00000000d9b80000,0x00000000da080000)
  to   space 5120K, 0% used [0x00000000d9680000,0x00000000d9680000,0x00000000d9b80000)
 ParOldGen       total 49152K, used 6865K [0x0000000080000000, 0x0000000083000000, 0x00000000d5580000)
  object space 49152K, 13% used [0x0000000080000000,0x00000000806b4448,0x0000000083000000)
 Metaspace       used 27627K, capacity 28986K, committed 29184K, reserved 1075200K
  class space    used 3751K, capacity 4052K, committed 4096K, reserved 1048576K
Event: 8.417 GC heap after
Heap after GC invocations=6 (full 1):
 PSYoungGen      total 71680K, used 5108K [0x00000000d5580000, 0x00000000dde80000, 0x0000000100000000)
  eden space 66560K, 0% used [0x00000000d5580000,0x00000000d5580000,0x00000000d9680000)
  from space 5120K, 99% used [0x00000000d9680000,0x00000000d9b7d0c0,0x00000000d9b80000)
  to   space 10240K, 0% used [0x00000000dd480000,0x00000000dd480000,0x00000000dde80000)
 ParOldGen       total 49152K, used 11893K [0x0000000080000000, 0x0000000083000000, 0x00000000d5580000)
  object space 49152K, 24% used [0x0000000080000000,0x0000000080b9d5b8,0x0000000083000000)
 Metaspace       used 27627K, capacity 28986K, committed 29184K, reserved 1075200K
  class space    used 3751K, capacity 4052K, committed 4096K, reserved 1048576K
}
Event: 9.458 GC heap before
{Heap before GC invocations=7 (full 1):
 PSYoungGen      total 71680K, used 47599K [0x00000000d5580000, 0x00000000dde80000, 0x0000000100000000)
  eden space 66560K, 63% used [0x00000000d5580000,0x00000000d7efecc0,0x00000000d9680000)
  from space 5120K, 99% used [0x00000000d9680000,0x00000000d9b7d0c0,0x00000000d9b80000)
  to   space 10240K, 0% used [0x00000000dd480000,0x00000000dd480000,0x00000000dde80000)
 ParOldGen       total 49152K, used 11893K [0x0000000080000000, 0x0000000083000000, 0x00000000d5580000)
  object space 49152K, 24% used [0x0000000080000000,0x0000000080b9d5b8,0x0000000083000000)
 Metaspace       used 33413K, capacity 35276K, committed 35456K, reserved 1079296K
  class space    used 4527K, capacity 4895K, committed 4992K, reserved 1048576K
Event: 9.471 GC heap after
Heap after GC invocations=7 (full 1):
 PSYoungGen      total 126976K, used 9365K [0x00000000d5580000, 0x00000000dde00000, 0x0000000100000000)
  eden space 117248K, 0% used [0x00000000d5580000,0x00000000d5580000,0x00000000dc800000)
  from space 9728K, 96% used [0x00000000dd480000,0x00000000ddda5740,0x00000000dde00000)
  to   space 10752K, 0% used [0x00000000dc900000,0x00000000dc900000,0x00000000dd380000)
 ParOldGen       total 49152K, used 11901K [0x0000000080000000, 0x0000000083000000, 0x00000000d5580000)
  object space 49152K, 24% used [0x0000000080000000,0x0000000080b9f5b8,0x0000000083000000)
 Metaspace       used 33413K, capacity 35276K, committed 35456K, reserved 1079296K
  class space    used 4527K, capacity 4895K, committed 4992K, reserved 1048576K
}
Event: 9.471 GC heap before
{Heap before GC invocations=8 (full 2):
 PSYoungGen      total 126976K, used 9365K [0x00000000d5580000, 0x00000000dde00000, 0x0000000100000000)
  eden space 117248K, 0% used [0x00000000d5580000,0x00000000d5580000,0x00000000dc800000)
  from space 9728K, 96% used [0x00000000dd480000,0x00000000ddda5740,0x00000000dde00000)
  to   space 10752K, 0% used [0x00000000dc900000,0x00000000dc900000,0x00000000dd380000)
 ParOldGen       total 49152K, used 11901K [0x0000000080000000, 0x0000000083000000, 0x00000000d5580000)
  object space 49152K, 24% used [0x0000000080000000,0x0000000080b9f5b8,0x0000000083000000)
 Metaspace       used 33413K, capacity 35276K, committed 35456K, reserved 1079296K
  class space    used 4527K, capacity 4895K, committed 4992K, reserved 1048576K
Event: 9.568 GC heap after
Heap after GC invocations=8 (full 2):
 PSYoungGen      total 126976K, used 0K [0x00000000d5580000, 0x00000000dde00000, 0x0000000100000000)
  eden space 117248K, 0% used [0x00000000d5580000,0x00000000d5580000,0x00000000dc800000)
  from space 9728K, 0% used [0x00000000dd480000,0x00000000dd480000,0x00000000dde00000)
  to   space 10752K, 0% used [0x00000000dc900000,0x00000000dc900000,0x00000000dd380000)
 ParOldGen       total 69120K, used 13717K [0x0000000080000000, 0x0000000084380000, 0x00000000d5580000)
  object space 69120K, 19% used [0x0000000080000000,0x0000000080d656c8,0x0000000084380000)
 Metaspace       used 33413K, capacity 35276K, committed 35456K, reserved 1079296K
  class space    used 4527K, capacity 4895K, committed 4992K, reserved 1048576K
}

