# JRE version: Java(TM) SE Runtime Environment (8.0_201-b09) (build 1.8.0_201-b09)
# Java VM: Java HotSpot(TM) 64-Bit Server VM (25.201-b09 mixed mode windows-amd64 compressed oops)
Heap:
 PSYoungGen      total 62976K, used 31895K [0x00000000d5580000, 0x00000000dcb00000, 0x0000000100000000)
  eden space 57856K, 46% used [0x00000000d5580000,0x00000000d6fa9958,0x00000000d8e00000)
  from space 5120K, 99% used [0x00000000d9b80000,0x00000000da07c320,0x00000000da080000)
  to   space 13824K, 0% used [0x00000000d8e00000,0x00000000d8e00000,0x00000000d9b80000)
 ParOldGen       total 77312K, used 26897K [0x0000000080000000, 0x0000000084b80000, 0x00000000d5580000)
  object space 77312K, 34% used [0x0000000080000000,0x0000000081a446b0,0x0000000084b80000)
 Metaspace       used 25422K, capacity 26102K, committed 26240K, reserved 1073152K
  class space    used 2976K, capacity 3192K, committed 3200K, reserved 1048576K
GC Heap History (10 events):
Event: 3.323 GC heap before
{Heap before GC invocations=5 (full 0):
 PSYoungGen      total 71680K, used 71648K [0x00000000d5580000, 0x00000000da080000, 0x0000000100000000)
  eden space 66560K, 100% used [0x00000000d5580000,0x00000000d9680000,0x00000000d9680000)
  from space 5120K, 99% used [0x00000000d9b80000,0x00000000da078020,0x00000000da080000)
  to   space 5120K, 0% used [0x00000000d9680000,0x00000000d9680000,0x00000000d9b80000)
 ParOldGen       total 87552K, used 7481K [0x0000000080000000, 0x0000000085580000, 0x00000000d5580000)
  object space 87552K, 8% used [0x0000000080000000,0x000000008074e460,0x0000000085580000)
 Metaspace       used 15883K, capacity 16128K, committed 16384K, reserved 1062912K
  class space    used 1867K, capacity 1984K, committed 2048K, reserved 1048576K
Event: 3.351 GC heap after
Heap after GC invocations=5 (full 0):
 PSYoungGen      total 71680K, used 5104K [0x00000000d5580000, 0x00000000da080000, 0x0000000100000000)
  eden space 66560K, 0% used [0x00000000d5580000,0x00000000d5580000,0x00000000d9680000)
  from space 5120K, 99% used [0x00000000d9680000,0x00000000d9b7c010,0x00000000d9b80000)
  to   space 5120K, 0% used [0x00000000d9b80000,0x00000000d9b80000,0x00000000da080000)
 ParOldGen       total 87552K, used 11511K [0x0000000080000000, 0x0000000085580000, 0x00000000d5580000)
  object space 87552K, 13% used [0x0000000080000000,0x0000000080b3de58,0x0000000085580000)
 Metaspace       used 15883K, capacity 16128K, committed 16384K, reserved 1062912K
  class space    used 1867K, capacity 1984K, committed 2048K, reserved 1048576K
}
Event: 4.359 GC heap before
{Heap before GC invocations=6 (full 0):
 PSYoungGen      total 71680K, used 71664K [0x00000000d5580000, 0x00000000da080000, 0x0000000100000000)
  eden space 66560K, 100% used [0x00000000d5580000,0x00000000d9680000,0x00000000d9680000)
  from space 5120K, 99% used [0x00000000d9680000,0x00000000d9b7c010,0x00000000d9b80000)
  to   space 5120K, 0% used [0x00000000d9b80000,0x00000000d9b80000,0x00000000da080000)
 ParOldGen       total 87552K, used 11511K [0x0000000080000000, 0x0000000085580000, 0x00000000d5580000)
  object space 87552K, 13% used [0x0000000080000000,0x0000000080b3de58,0x0000000085580000)
 Metaspace       used 17362K, capacity 17840K, committed 18048K, reserved 1064960K
  class space    used 2001K, capacity 2168K, committed 2176K, reserved 1048576K
Event: 4.382 GC heap after
Heap after GC invocations=6 (full 0):
 PSYoungGen      total 71680K, used 5088K [0x00000000d5580000, 0x00000000da080000, 0x0000000100000000)
  eden space 66560K, 0% used [0x00000000d5580000,0x00000000d5580000,0x00000000d9680000)
  from space 5120K, 99% used [0x00000000d9b80000,0x00000000da078040,0x00000000da080000)
  to   space 5120K, 0% used [0x00000000d9680000,0x00000000d9680000,0x00000000d9b80000)
 ParOldGen       total 87552K, used 15734K [0x0000000080000000, 0x0000000085580000, 0x00000000d5580000)
  object space 87552K, 17% used [0x0000000080000000,0x0000000080f5dbe8,0x0000000085580000)
 Metaspace       used 17362K, capacity 17840K, committed 18048K, reserved 1064960K
  class space    used 2001K, capacity 2168K, committed 2176K, reserved 1048576K
}
Event: 4.786 GC heap before
{Heap before GC invocations=7 (full 0):
 PSYoungGen      total 71680K, used 21039K [0x00000000d5580000, 0x00000000da080000, 0x0000000100000000)
  eden space 66560K, 23% used [0x00000000d5580000,0x00000000d6513f60,0x00000000d9680000)
  from space 5120K, 99% used [0x00000000d9b80000,0x00000000da078040,0x00000000da080000)
  to   space 5120K, 0% used [0x00000000d9680000,0x00000000d9680000,0x00000000d9b80000)
 ParOldGen       total 87552K, used 15734K [0x0000000080000000, 0x0000000085580000, 0x00000000d5580000)
  object space 87552K, 17% used [0x0000000080000000,0x0000000080f5dbe8,0x0000000085580000)
 Metaspace       used 20556K, capacity 21096K, committed 21296K, reserved 1069056K
  class space    used 2438K, capacity 2596K, committed 2688K, reserved 1048576K
Event: 4.811 GC heap after
Heap after GC invocations=7 (full 0):
 PSYoungGen      total 71680K, used 5111K [0x00000000d5580000, 0x00000000da080000, 0x0000000100000000)
  eden space 66560K, 0% used [0x00000000d5580000,0x00000000d5580000,0x00000000d9680000)
  from space 5120K, 99% used [0x00000000d9680000,0x00000000d9b7de68,0x00000000d9b80000)
  to   space 5120K, 0% used [0x00000000d9b80000,0x00000000d9b80000,0x00000000da080000)
 ParOldGen       total 87552K, used 17356K [0x0000000080000000, 0x0000000085580000, 0x00000000d5580000)
  object space 87552K, 19% used [0x0000000080000000,0x00000000810f33c8,0x0000000085580000)
 Metaspace       used 20556K, capacity 21096K, committed 21296K, reserved 1069056K
  class space    used 2438K, capacity 2596K, committed 2688K, reserved 1048576K
}
Event: 4.811 GC heap before
{Heap before GC invocations=8 (full 1):
 PSYoungGen      total 71680K, used 5111K [0x00000000d5580000, 0x00000000da080000, 0x0000000100000000)
  eden space 66560K, 0% used [0x00000000d5580000,0x00000000d5580000,0x00000000d9680000)
  from space 5120K, 99% used [0x00000000d9680000,0x00000000d9b7de68,0x00000000d9b80000)
  to   space 5120K, 0% used [0x00000000d9b80000,0x00000000d9b80000,0x00000000da080000)
 ParOldGen       total 87552K, used 17356K [0x0000000080000000, 0x0000000085580000, 0x00000000d5580000)
  object space 87552K, 19% used [0x0000000080000000,0x00000000810f33c8,0x0000000085580000)
 Metaspace       used 20556K, capacity 21096K, committed 21296K, reserved 1069056K
  class space    used 2438K, capacity 2596K, committed 2688K, reserved 1048576K
Event: 5.033 GC heap after
Heap after GC invocations=8 (full 1):
 PSYoungGen      total 71680K, used 0K [0x00000000d5580000, 0x00000000da080000, 0x0000000100000000)
  eden space 66560K, 0% used [0x00000000d5580000,0x00000000d5580000,0x00000000d9680000)
  from space 5120K, 0% used [0x00000000d9680000,0x00000000d9680000,0x00000000d9b80000)
  to   space 5120K, 0% used [0x00000000d9b80000,0x00000000d9b80000,0x00000000da080000)
 ParOldGen       total 77312K, used 18472K [0x0000000080000000, 0x0000000084b80000, 0x00000000d5580000)
  object space 77312K, 23% used [0x0000000080000000,0x000000008120a0c8,0x0000000084b80000)
 Metaspace       used 20556K, capacity 21096K, committed 21296K, reserved 1069056K
  class space    used 2438K, capacity 2596K, committed 2688K, reserved 1048576K
}
Event: 6.262 GC heap before
{Heap before GC invocations=9 (full 1):
 PSYoungGen      total 71680K, used 66560K [0x00000000d5580000, 0x00000000da080000, 0x0000000100000000)
  eden space 66560K, 100% used [0x00000000d5580000,0x00000000d9680000,0x00000000d9680000)
  from space 5120K, 0% used [0x00000000d9680000,0x00000000d9680000,0x00000000d9b80000)
  to   space 5120K, 0% used [0x00000000d9b80000,0x00000000d9b80000,0x00000000da080000)
 ParOldGen       total 77312K, used 18472K [0x0000000080000000, 0x0000000084b80000, 0x00000000d5580000)
  object space 77312K, 23% used [0x0000000080000000,0x000000008120a0c8,0x0000000084b80000)
 Metaspace       used 24042K, capacity 24646K, committed 24832K, reserved 1071104K
  class space    used 2793K, capacity 2984K, committed 3072K, reserved 1048576K
Event: 6.282 GC heap after
Heap after GC invocations=9 (full 1):
 PSYoungGen      total 62976K, used 5104K [0x00000000d5580000, 0x00000000dcb00000, 0x0000000100000000)
  eden space 57856K, 0% used [0x00000000d5580000,0x00000000d5580000,0x00000000d8e00000)
  from space 5120K, 99% used [0x00000000d9b80000,0x00000000da07c320,0x00000000da080000)
  to   space 13824K, 0% used [0x00000000d8e00000,0x00000000d8e00000,0x00000000d9b80000)
 ParOldGen       total 77312K, used 26897K [0x0000000080000000, 0x0000000084b80000, 0x00000000d5580000)
  object space 77312K, 34% used [0x0000000080000000,0x0000000081a446b0,0x0000000084b80000)
 Metaspace       used 24042K, capacity 24646K, committed 24832K, reserved 1071104K
  class space    used 2793K, capacity 2984K, committed 3072K, reserved 1048576K
}

